2023-07-26 12:15:45,357 - INFO - Scrapy 2.9.0 started (bot: yahoo_scrapper)
2023-07-26 12:15:45,413 - INFO - Versions: lxml 4.9.3.0, libxml2 2.10.3, cssselect 1.2.0, parsel 1.8.1, w3lib 2.1.1, Twisted 22.10.0, Python 3.11.3 (tags/v3.11.3:f3909b8, Apr  4 2023, 23:49:59) [MSC v.1934 64 bit (AMD64)], pyOpenSSL 23.2.0 (OpenSSL 3.1.1 30 May 2023), cryptography 41.0.2, Platform Windows-10-10.0.22621-SP0
2023-07-26 12:15:45,420 - INFO - Overridden settings:
{'BOT_NAME': 'yahoo_scrapper',
 'FEED_EXPORT_ENCODING': 'utf-8',
 'NEWSPIDER_MODULE': 'yahoo_scrapper.spiders',
 'REQUEST_FINGERPRINTER_IMPLEMENTATION': '2.7',
 'ROBOTSTXT_OBEY': True,
 'SPIDER_MODULES': ['yahoo_scrapper.spiders'],
 'TWISTED_REACTOR': 'twisted.internet.asyncioreactor.AsyncioSelectorReactor',
 'USER_AGENT': 'Mozilla/5.0 (Windows NT 10.0; Win64; x64) AppleWebKit/537.36 '
               '(KHTML, like Gecko) Chrome/58.0.3029.110 Safari/537.3'}
2023-07-26 12:15:45,420 - DEBUG - Using selector: SelectSelector
2023-07-26 12:15:45,423 - DEBUG - Using reactor: twisted.internet.asyncioreactor.AsyncioSelectorReactor
2023-07-26 12:15:45,424 - DEBUG - Using asyncio event loop: asyncio.windows_events._WindowsSelectorEventLoop
2023-07-26 12:15:45,458 - INFO - Telnet Password: e7eed11e30126b0f
2023-07-26 12:15:45,742 - INFO - Enabled extensions:
['scrapy.extensions.corestats.CoreStats',
 'scrapy.extensions.telnet.TelnetConsole',
 'scrapy.extensions.logstats.LogStats']
2023-07-26 12:15:46,096 - INFO - Enabled downloader middlewares:
['scrapy.downloadermiddlewares.robotstxt.RobotsTxtMiddleware',
 'scrapy.downloadermiddlewares.httpauth.HttpAuthMiddleware',
 'scrapy.downloadermiddlewares.downloadtimeout.DownloadTimeoutMiddleware',
 'scrapy.downloadermiddlewares.defaultheaders.DefaultHeadersMiddleware',
 'scrapy.downloadermiddlewares.useragent.UserAgentMiddleware',
 'scrapy.downloadermiddlewares.retry.RetryMiddleware',
 'scrapy.downloadermiddlewares.redirect.MetaRefreshMiddleware',
 'scrapy.downloadermiddlewares.httpcompression.HttpCompressionMiddleware',
 'scrapy.downloadermiddlewares.redirect.RedirectMiddleware',
 'scrapy.downloadermiddlewares.cookies.CookiesMiddleware',
 'scrapy.downloadermiddlewares.httpproxy.HttpProxyMiddleware',
 'scrapy.downloadermiddlewares.stats.DownloaderStats']
2023-07-26 12:15:46,106 - INFO - Enabled spider middlewares:
['scrapy.spidermiddlewares.httperror.HttpErrorMiddleware',
 'scrapy.spidermiddlewares.offsite.OffsiteMiddleware',
 'scrapy.spidermiddlewares.referer.RefererMiddleware',
 'scrapy.spidermiddlewares.urllength.UrlLengthMiddleware',
 'scrapy.spidermiddlewares.depth.DepthMiddleware']
2023-07-26 12:15:46,107 - INFO - Enabled item pipelines:
[]
2023-07-26 12:15:46,107 - INFO - Spider opened
2023-07-26 12:15:46,298 - INFO - Crawled 0 pages (at 0 pages/min), scraped 0 items (at 0 items/min)
2023-07-26 12:15:46,300 - INFO - Telnet console listening on 127.0.0.1:6023
2023-07-26 12:15:46,877 - DEBUG - Crawled (200) <GET https://finance.yahoo.com/robots.txt> (referer: None)
2023-07-26 12:15:50,492 - DEBUG - Crawled (200) <GET https://finance.yahoo.com/lookup> (referer: None)
2023-07-26 12:15:50,653 - INFO - Scrapping data....
2023-07-26 12:15:50,689 - INFO - Database connected successfully....
2023-07-26 12:15:50,689 - INFO - Inserting data into database...
2023-07-26 12:15:50,717 - INFO - 30 records inserted into the MySQL database
2023-07-26 12:15:50,718 - INFO - MySQL connection is closed
2023-07-26 12:15:50,721 - INFO - Closing spider (finished)
2023-07-26 12:15:50,721 - INFO - Dumping Scrapy stats:
{'downloader/request_bytes': 610,
 'downloader/request_count': 2,
 'downloader/request_method_count/GET': 2,
 'downloader/response_bytes': 914394,
 'downloader/response_count': 2,
 'downloader/response_status_count/200': 2,
 'elapsed_time_seconds': 4.422606,
 'finish_reason': 'finished',
 'finish_time': datetime.datetime(2023, 7, 26, 9, 15, 50, 721079),
 'httpcompression/response_bytes': 1604434,
 'httpcompression/response_count': 1,
 'log_count/DEBUG': 5,
 'log_count/INFO': 15,
 'response_received_count': 2,
 'robotstxt/request_count': 1,
 'robotstxt/response_count': 1,
 'robotstxt/response_status_count/200': 1,
 'scheduler/dequeued': 1,
 'scheduler/dequeued/memory': 1,
 'scheduler/enqueued': 1,
 'scheduler/enqueued/memory': 1,
 'start_time': datetime.datetime(2023, 7, 26, 9, 15, 46, 298473)}
2023-07-26 12:15:50,722 - INFO - Spider closed (finished)
